<?xml version="1.0" encoding="UTF-8"?>
<testsuite name="Audit - Edit a Page #2" tests="1" skipped="0" failures="0" errors="0" timestamp="2023-10-18T06:12:30" hostname="DESKTOP-PPNVO37" time="19.977">
  <properties/>
  <testcase name="Edit a page with blank fields" classname="Audit - Edit a Page #2" time="19.977"/>
  <system-out><![CDATA[
@regressionTest @negativeTest
Scenario: Edit a page with blank fields                                    # src/test/resources/aams/pages/edit/negativeTests/EditPageBlankFields.feature:9
Tag: [@regressionTest, @negativeTest]
scenario: Edit a page with blank fields
Login instructions have been sent to your email address. Please check your inbox and follow the steps to login.
Otp: 
Otp: 
Otp: 
Otp: 
Otp: 
Otp: 
Otp: 633107
There is an active session, Do you want to proceed?
https://stage-audit-admin.cpp555.com/dashboard
  Given I login on audit page "https://stage-audit-admin.cpp555.com/login" # steps.Login.iLoginOnAuditPage(java.lang.String,io.cucumber.datatable.DataTable)
    | Username             | Password    |
    | r.junarson@gmail.com | Clickplay@1 |
  When I navigate to pages                                                 # steps.aams.settings.pages.create.CreatePage.navigateToPages()
  And search for "Automation Test Page" to edit                            # steps.aams.settings.pages.edit.EditPage.searchPageToEdit(java.lang.String)
  And I clear the page details                                             # steps.aams.settings.pages.edit.EditPageBlankFields.setPageDetails()
Page name field is required.
The page path field is required.
The status field is required.
  Then I submit the edit page form with blank fields                       # steps.aams.settings.pages.edit.EditPageBlankFields.clickSubmitForPageEditingWithBlankFields()
]]></system-out>
  <system-err><![CDATA[Starting ChromeDriver 117.0.5938.92 (67649b10b92bb182fba357831ef7dd6a1baa5648-refs/branch-heads/5938_62@{#14}) on port 41433
Only local connections are allowed.
Please see https://chromedriver.chromium.org/security-considerations for suggestions on keeping ChromeDriver safe.
ChromeDriver was started successfully.
[1697609551.816][WARNING]: This version of ChromeDriver has not been tested with Chrome version 118.
Oct 18, 2023 2:12:31 PM org.openqa.selenium.remote.ProtocolHandshake createSession
INFO: Detected dialect: W3C
]]></system-err>
</testsuite>
