<?xml version="1.0" encoding="UTF-8"?>
<testsuite name="Jira" tests="1" skipped="0" failures="1" errors="0" timestamp="2022-04-05T03:34:40" hostname="DESKTOP-PPNVO37" time="6.48">
  <properties/>
  <testcase name="Jira card checking" classname="Jira" time="6.48">
    <failure message="io.cucumber.junit.UndefinedStepException: The step &quot;I select project B2C&quot; is undefined. You can implement it using the snippet(s) below:&#10;&#10;@When(&quot;I select project B2C&quot;)&#10;public void i_select_project_b2c() {&#10;    // Write code here that turns the phrase above into concrete actions&#10;    throw new io.cucumber.java.PendingException();&#10;}&#10;" type="io.cucumber.junit.UndefinedStepException">io.cucumber.junit.UndefinedStepException: The step &quot;I select project B2C&quot; is undefined. You can implement it using the snippet(s) below:

@When(&quot;I select project B2C&quot;)
public void i_select_project_b2c() {
    // Write code here that turns the phrase above into concrete actions
    throw new io.cucumber.java.PendingException();
}

</failure>
  </testcase>
  <system-out><![CDATA[
Scenario: Jira card checking                                   # src/test/resources/jira/Jira.feature:3
Accessed jira website.
  Given I access jira website "https://id.atlassian.com/login" # steps.jira.JiraCardChecking.iAccessJiraWebsiteHttpsIdAtlassianComLogin(java.lang.String)
Logged-in jira website.
  When I logged in on Jira                                     # steps.jira.JiraCardChecking.iLoginInJira(io.cucumber.datatable.DataTable)
  And I select project B2C                                     # null
  And I access backlog                                         # steps.jira.JiraCardChecking.iAccessBacklog()
  And Navigate to future sprint in backlog                     # steps.jira.JiraCardChecking.navigateToFutureSprintInBacklog()
  And Check if logged in to testrail                           # steps.jira.JiraCardChecking.checkIfLoggedInToTestrail()
  And Check cards in future sprint                             # steps.jira.JiraCardChecking.checkCardsInFutureSprint()
  And I send results in telegram                               # steps.jira.JiraCardChecking.iSendResultsInTelegram()
]]></system-out>
  <system-err><![CDATA[Starting ChromeDriver 100.0.4896.60 (6a5d10861ce8de5fce22564658033b43cb7de047-refs/branch-heads/4896@{#875}) on port 13884
Only local connections are allowed.
Please see https://chromedriver.chromium.org/security-considerations for suggestions on keeping ChromeDriver safe.
ChromeDriver was started successfully.
Apr 05, 2022 11:34:42 AM org.openqa.selenium.remote.ProtocolHandshake createSession
INFO: Detected dialect: W3C
]]></system-err>
</testsuite>
